<?xml version="1.0" encoding="UTF-8"?>
<testng-results ignored="0" total="1" passed="1" failed="0" skipped="0">
  <reporter-output>
  </reporter-output>
  <suite started-at="2024-04-04T09:15:01 IST" name="Default suite" finished-at="2024-04-04T09:16:28 IST" duration-ms="86473">
    <groups>
    </groups>
    <test started-at="2024-04-04T09:15:01 IST" name="Default test" finished-at="2024-04-04T09:16:28 IST" duration-ms="86473">
      <class name="doubts.BookCart">
        <test-method signature="bookCartPricesTestOne()[pri:0, instance:doubts.BookCart@72d1ad2e]" started-at="2024-04-04T09:15:02 IST" name="bookCartPricesTestOne" finished-at="2024-04-04T09:16:28 IST" duration-ms="86260" status="PASS">
          <reporter-output>
          </reporter-output>
        </test-method> <!-- bookCartPricesTestOne -->
      </class> <!-- doubts.BookCart -->
    </test> <!-- Default test -->
  </suite> <!-- Default suite -->
</testng-results>
